{"/Users/cormacmollitor/Desktop/UBSafe/UBSafe-Frontend/UBSafe/App.js": {"path":"/Users/cormacmollitor/Desktop/UBSafe/UBSafe-Frontend/UBSafe/App.js","statementMap":{"0":{"start":{"line":21,"column":4},"end":{"line":36,"column":5}},"1":{"start":{"line":22,"column":6},"end":{"line":28,"column":8}},"2":{"start":{"line":30,"column":6},"end":{"line":35,"column":8}},"3":{"start":{"line":40,"column":4},"end":{"line":48,"column":7}},"4":{"start":{"line":54,"column":4},"end":{"line":54,"column":24}},"5":{"start":{"line":58,"column":4},"end":{"line":58,"column":47}},"6":{"start":{"line":62,"column":15},"end":{"line":67,"column":2}}},"fnMap":{"0":{"name":"(anonymous_0)","decl":{"start":{"line":20,"column":2},"end":{"line":20,"column":3}},"loc":{"start":{"line":20,"column":11},"end":{"line":37,"column":3}},"line":20},"1":{"name":"(anonymous_1)","decl":{"start":{"line":39,"column":24},"end":{"line":39,"column":25}},"loc":{"start":{"line":39,"column":36},"end":{"line":49,"column":3}},"line":39},"2":{"name":"(anonymous_2)","decl":{"start":{"line":51,"column":24},"end":{"line":51,"column":25}},"loc":{"start":{"line":51,"column":33},"end":{"line":55,"column":3}},"line":51},"3":{"name":"(anonymous_3)","decl":{"start":{"line":57,"column":25},"end":{"line":57,"column":26}},"loc":{"start":{"line":57,"column":31},"end":{"line":59,"column":3}},"line":57}},"branchMap":{"0":{"loc":{"start":{"line":21,"column":4},"end":{"line":36,"column":5}},"type":"if","locations":[{"start":{"line":21,"column":4},"end":{"line":36,"column":5}},{"start":{"line":21,"column":4},"end":{"line":36,"column":5}}],"line":21},"1":{"loc":{"start":{"line":21,"column":8},"end":{"line":21,"column":70}},"type":"binary-expr","locations":[{"start":{"line":21,"column":8},"end":{"line":21,"column":37}},{"start":{"line":21,"column":41},"end":{"line":21,"column":70}}],"line":21},"2":{"loc":{"start":{"line":32,"column":11},"end":{"line":32,"column":68}},"type":"binary-expr","locations":[{"start":{"line":32,"column":11},"end":{"line":32,"column":32}},{"start":{"line":32,"column":36},"end":{"line":32,"column":68}}],"line":32}},"s":{"0":3,"1":1,"2":2,"3":1,"4":0,"5":1,"6":1},"f":{"0":3,"1":1,"2":0,"3":1},"b":{"0":[1,2],"1":[3,2],"2":[2,2]},"_coverageSchema":"332fd63041d2c1bcb487cc26dd0d5f7d97098a6c","hash":"aa8f00ad388547712a59f1cac19b212e8ffdad5b"}
,"/Users/cormacmollitor/Desktop/UBSafe/UBSafe-Frontend/UBSafe/setupTest.js": {"path":"/Users/cormacmollitor/Desktop/UBSafe/UBSafe-Frontend/UBSafe/setupTest.js","statementMap":{"0":{"start":{"line":4,"column":0},"end":{"line":4,"column":45}}},"fnMap":{},"branchMap":{},"s":{"0":3},"f":{},"b":{},"_coverageSchema":"332fd63041d2c1bcb487cc26dd0d5f7d97098a6c","hash":"766a660eb2b6baa046fb4d4bc1c6726a6997d2ca"}
,"/Users/cormacmollitor/Desktop/UBSafe/UBSafe-Frontend/UBSafe/assets/fonts/SpaceMono-Regular.ttf": {"path":"/Users/cormacmollitor/Desktop/UBSafe/UBSafe-Frontend/UBSafe/assets/fonts/SpaceMono-Regular.ttf","statementMap":{"0":{"start":{"line":1,"column":0},"end":{"line":1,"column":19}}},"fnMap":{},"branchMap":{},"s":{"0":1},"f":{},"b":{},"_coverageSchema":"332fd63041d2c1bcb487cc26dd0d5f7d97098a6c","hash":"51d31ca358614c5de70e578e573fc365f2f0cca6"}
,"/Users/cormacmollitor/Desktop/UBSafe/UBSafe-Frontend/UBSafe/components/StyledText.js": {"path":"/Users/cormacmollitor/Desktop/UBSafe/UBSafe-Frontend/UBSafe/components/StyledText.js","statementMap":{"0":{"start":{"line":6,"column":4},"end":{"line":6,"column":93}}},"fnMap":{"0":{"name":"(anonymous_0)","decl":{"start":{"line":5,"column":2},"end":{"line":5,"column":3}},"loc":{"start":{"line":5,"column":11},"end":{"line":7,"column":3}},"line":5}},"branchMap":{},"s":{"0":1},"f":{"0":1},"b":{},"_coverageSchema":"332fd63041d2c1bcb487cc26dd0d5f7d97098a6c","hash":"b35134aa9ba5e9866fcccb1b68a3cbf57702f146"}
,"/Users/cormacmollitor/Desktop/UBSafe/UBSafe-Frontend/UBSafe/components/TabBarIcon.js": {"path":"/Users/cormacmollitor/Desktop/UBSafe/UBSafe-Frontend/UBSafe/components/TabBarIcon.js","statementMap":{"0":{"start":{"line":8,"column":4},"end":{"line":15,"column":6}}},"fnMap":{"0":{"name":"(anonymous_0)","decl":{"start":{"line":7,"column":2},"end":{"line":7,"column":3}},"loc":{"start":{"line":7,"column":11},"end":{"line":16,"column":3}},"line":7}},"branchMap":{"0":{"loc":{"start":{"line":13,"column":15},"end":{"line":13,"column":82}},"type":"cond-expr","locations":[{"start":{"line":13,"column":36},"end":{"line":13,"column":58}},{"start":{"line":13,"column":61},"end":{"line":13,"column":82}}],"line":13}},"s":{"0":0},"f":{"0":0},"b":{"0":[0,0]},"_coverageSchema":"332fd63041d2c1bcb487cc26dd0d5f7d97098a6c","hash":"0028e04799b10848e224b1ef1fefca1f1d079aa4"}
,"/Users/cormacmollitor/Desktop/UBSafe/UBSafe-Frontend/UBSafe/constants/Colors.js": {"path":"/Users/cormacmollitor/Desktop/UBSafe/UBSafe-Frontend/UBSafe/constants/Colors.js","statementMap":{"0":{"start":{"line":1,"column":18},"end":{"line":1,"column":27}}},"fnMap":{},"branchMap":{},"s":{"0":1},"f":{},"b":{},"_coverageSchema":"332fd63041d2c1bcb487cc26dd0d5f7d97098a6c","hash":"023eec4c6fa1d1da766aaf7319be75d6b94f66d0"}
,"/Users/cormacmollitor/Desktop/UBSafe/UBSafe-Frontend/UBSafe/navigation/AppNavigator.js": {"path":"/Users/cormacmollitor/Desktop/UBSafe/UBSafe-Frontend/UBSafe/navigation/AppNavigator.js","statementMap":{},"fnMap":{},"branchMap":{},"s":{},"f":{},"b":{},"_coverageSchema":"332fd63041d2c1bcb487cc26dd0d5f7d97098a6c","hash":"d7bc6894afe7c7a81fb47599ab758af6a7a9493f"}
,"/Users/cormacmollitor/Desktop/UBSafe/UBSafe-Frontend/UBSafe/navigation/AuthNavigator.js": {"path":"/Users/cormacmollitor/Desktop/UBSafe/UBSafe-Frontend/UBSafe/navigation/AuthNavigator.js","statementMap":{"0":{"start":{"line":7,"column":20},"end":{"line":9,"column":1}}},"fnMap":{},"branchMap":{"0":{"loc":{"start":{"line":8,"column":13},"end":{"line":8,"column":68}},"type":"cond-expr","locations":[{"start":{"line":8,"column":41},"end":{"line":8,"column":64}},{"start":{"line":8,"column":67},"end":{"line":8,"column":68}}],"line":8}},"s":{"0":1},"f":{},"b":{"0":[0,1]},"_coverageSchema":"332fd63041d2c1bcb487cc26dd0d5f7d97098a6c","hash":"ed2d2fa229365e8fa2c212d02727196a242d8c3f"}
,"/Users/cormacmollitor/Desktop/UBSafe/UBSafe-Frontend/UBSafe/navigation/MainTabNavigator.js": {"path":"/Users/cormacmollitor/Desktop/UBSafe/UBSafe-Frontend/UBSafe/navigation/MainTabNavigator.js","statementMap":{"0":{"start":{"line":13,"column":18},"end":{"line":15,"column":2}},"1":{"start":{"line":17,"column":0},"end":{"line":29,"column":2}},"2":{"start":{"line":20,"column":4},"end":{"line":27,"column":6}},"3":{"start":{"line":31,"column":32},"end":{"line":33,"column":2}},"4":{"start":{"line":35,"column":0},"end":{"line":47,"column":2}},"5":{"start":{"line":38,"column":4},"end":{"line":45,"column":6}},"6":{"start":{"line":49,"column":29},"end":{"line":57,"column":2}},"7":{"start":{"line":59,"column":0},"end":{"line":67,"column":2}},"8":{"start":{"line":62,"column":4},"end":{"line":65,"column":6}},"9":{"start":{"line":69,"column":23},"end":{"line":71,"column":2}},"10":{"start":{"line":73,"column":0},"end":{"line":81,"column":2}},"11":{"start":{"line":76,"column":4},"end":{"line":79,"column":6}}},"fnMap":{"0":{"name":"(anonymous_0)","decl":{"start":{"line":19,"column":14},"end":{"line":19,"column":15}},"loc":{"start":{"line":20,"column":4},"end":{"line":27,"column":6}},"line":20},"1":{"name":"(anonymous_1)","decl":{"start":{"line":37,"column":14},"end":{"line":37,"column":15}},"loc":{"start":{"line":38,"column":4},"end":{"line":45,"column":6}},"line":38},"2":{"name":"(anonymous_2)","decl":{"start":{"line":61,"column":14},"end":{"line":61,"column":15}},"loc":{"start":{"line":62,"column":4},"end":{"line":65,"column":6}},"line":62},"3":{"name":"(anonymous_3)","decl":{"start":{"line":75,"column":14},"end":{"line":75,"column":15}},"loc":{"start":{"line":76,"column":4},"end":{"line":79,"column":6}},"line":76}},"branchMap":{"0":{"loc":{"start":{"line":23,"column":8},"end":{"line":25,"column":21}},"type":"cond-expr","locations":[{"start":{"line":24,"column":12},"end":{"line":24,"column":50}},{"start":{"line":25,"column":12},"end":{"line":25,"column":21}}],"line":23},"1":{"loc":{"start":{"line":24,"column":23},"end":{"line":24,"column":48}},"type":"cond-expr","locations":[{"start":{"line":24,"column":33},"end":{"line":24,"column":35}},{"start":{"line":24,"column":38},"end":{"line":24,"column":48}}],"line":24},"2":{"loc":{"start":{"line":41,"column":8},"end":{"line":43,"column":22}},"type":"cond-expr","locations":[{"start":{"line":42,"column":12},"end":{"line":42,"column":51}},{"start":{"line":43,"column":12},"end":{"line":43,"column":22}}],"line":41},"3":{"loc":{"start":{"line":42,"column":24},"end":{"line":42,"column":49}},"type":"cond-expr","locations":[{"start":{"line":42,"column":34},"end":{"line":42,"column":36}},{"start":{"line":42,"column":39},"end":{"line":42,"column":49}}],"line":42},"4":{"loc":{"start":{"line":64,"column":12},"end":{"line":64,"column":86}},"type":"cond-expr","locations":[{"start":{"line":64,"column":36},"end":{"line":64,"column":74}},{"start":{"line":64,"column":77},"end":{"line":64,"column":86}}],"line":64},"5":{"loc":{"start":{"line":64,"column":47},"end":{"line":64,"column":72}},"type":"cond-expr","locations":[{"start":{"line":64,"column":57},"end":{"line":64,"column":59}},{"start":{"line":64,"column":62},"end":{"line":64,"column":72}}],"line":64},"6":{"loc":{"start":{"line":78,"column":12},"end":{"line":78,"column":90}},"type":"cond-expr","locations":[{"start":{"line":78,"column":36},"end":{"line":78,"column":76}},{"start":{"line":78,"column":79},"end":{"line":78,"column":90}}],"line":78},"7":{"loc":{"start":{"line":78,"column":49},"end":{"line":78,"column":74}},"type":"cond-expr","locations":[{"start":{"line":78,"column":59},"end":{"line":78,"column":61}},{"start":{"line":78,"column":64},"end":{"line":78,"column":74}}],"line":78}},"s":{"0":1,"1":1,"2":0,"3":1,"4":1,"5":0,"6":1,"7":1,"8":0,"9":1,"10":1,"11":0},"f":{"0":0,"1":0,"2":0,"3":0},"b":{"0":[0,0],"1":[0,0],"2":[0,0],"3":[0,0],"4":[0,0],"5":[0,0],"6":[0,0],"7":[0,0]},"_coverageSchema":"332fd63041d2c1bcb487cc26dd0d5f7d97098a6c","hash":"5a236aec9161768090e537cc03b54d99479e8f84"}
,"/Users/cormacmollitor/Desktop/UBSafe/UBSafe-Frontend/UBSafe/reducers/virtualSafeWalkReducer.js": {"path":"/Users/cormacmollitor/Desktop/UBSafe/UBSafe-Frontend/UBSafe/reducers/virtualSafeWalkReducer.js","statementMap":{"0":{"start":{"line":6,"column":4},"end":{"line":6,"column":17}},"1":{"start":{"line":11,"column":4},"end":{"line":11,"column":17}},"2":{"start":{"line":14,"column":19},"end":{"line":17,"column":2}}},"fnMap":{"0":{"name":"virtualSafeWalkReducer","decl":{"start":{"line":5,"column":9},"end":{"line":5,"column":31}},"loc":{"start":{"line":5,"column":52},"end":{"line":7,"column":1}},"line":5},"1":{"name":"profileReducer","decl":{"start":{"line":10,"column":9},"end":{"line":10,"column":23}},"loc":{"start":{"line":10,"column":44},"end":{"line":12,"column":1}},"line":10}},"branchMap":{"0":{"loc":{"start":{"line":5,"column":32},"end":{"line":5,"column":42}},"type":"default-arg","locations":[{"start":{"line":5,"column":40},"end":{"line":5,"column":42}}],"line":5},"1":{"loc":{"start":{"line":10,"column":24},"end":{"line":10,"column":34}},"type":"default-arg","locations":[{"start":{"line":10,"column":32},"end":{"line":10,"column":34}}],"line":10}},"s":{"0":2,"1":2,"2":1},"f":{"0":2,"1":2},"b":{"0":[2],"1":[2]},"_coverageSchema":"332fd63041d2c1bcb487cc26dd0d5f7d97098a6c","hash":"eaabcbe9d6cd7d34f0367280b2772b31c22f02d8"}
,"/Users/cormacmollitor/Desktop/UBSafe/UBSafe-Frontend/UBSafe/screens/EmergencyResources.js": {"path":"/Users/cormacmollitor/Desktop/UBSafe/UBSafe-Frontend/UBSafe/screens/EmergencyResources.js","statementMap":{"0":{"start":{"line":17,"column":4},"end":{"line":17,"column":40}},"1":{"start":{"line":22,"column":4},"end":{"line":29,"column":6}},"2":{"start":{"line":27,"column":32},"end":{"line":27,"column":56}},"3":{"start":{"line":35,"column":29},"end":{"line":38,"column":5}},"4":{"start":{"line":40,"column":4},"end":{"line":48,"column":6}},"5":{"start":{"line":45,"column":32},"end":{"line":45,"column":41}}},"fnMap":{"0":{"name":"(anonymous_0)","decl":{"start":{"line":16,"column":11},"end":{"line":16,"column":12}},"loc":{"start":{"line":16,"column":25},"end":{"line":18,"column":3}},"line":16},"1":{"name":"(anonymous_1)","decl":{"start":{"line":21,"column":15},"end":{"line":21,"column":16}},"loc":{"start":{"line":21,"column":29},"end":{"line":30,"column":3}},"line":21},"2":{"name":"(anonymous_2)","decl":{"start":{"line":27,"column":25},"end":{"line":27,"column":26}},"loc":{"start":{"line":27,"column":31},"end":{"line":27,"column":57}},"line":27},"3":{"name":"(anonymous_3)","decl":{"start":{"line":32,"column":2},"end":{"line":32,"column":3}},"loc":{"start":{"line":32,"column":11},"end":{"line":49,"column":3}},"line":32},"4":{"name":"(anonymous_4)","decl":{"start":{"line":45,"column":24},"end":{"line":45,"column":25}},"loc":{"start":{"line":45,"column":32},"end":{"line":45,"column":41}},"line":45}},"branchMap":{},"s":{"0":0,"1":0,"2":0,"3":0,"4":0,"5":0},"f":{"0":0,"1":0,"2":0,"3":0,"4":0},"b":{},"_coverageSchema":"332fd63041d2c1bcb487cc26dd0d5f7d97098a6c","hash":"606898aac5f32d3767bf88475508314ea85bae1a"}
,"/Users/cormacmollitor/Desktop/UBSafe/UBSafe-Frontend/UBSafe/screens/HomeScreen.js": {"path":"/Users/cormacmollitor/Desktop/UBSafe/UBSafe-Frontend/UBSafe/screens/HomeScreen.js","statementMap":{"0":{"start":{"line":25,"column":4},"end":{"line":25,"column":17}},"1":{"start":{"line":27,"column":4},"end":{"line":33,"column":6}},"2":{"start":{"line":35,"column":4},"end":{"line":35,"column":57}},"3":{"start":{"line":41,"column":4},"end":{"line":51,"column":6}},"4":{"start":{"line":43,"column":8},"end":{"line":47,"column":11}},"5":{"start":{"line":49,"column":17},"end":{"line":49,"column":56}},"6":{"start":{"line":55,"column":4},"end":{"line":65,"column":6}},"7":{"start":{"line":56,"column":20},"end":{"line":56,"column":54}},"8":{"start":{"line":58,"column":6},"end":{"line":61,"column":7}},"9":{"start":{"line":60,"column":8},"end":{"line":60,"column":21}},"10":{"start":{"line":63,"column":7},"end":{"line":63,"column":26}},"11":{"start":{"line":64,"column":7},"end":{"line":64,"column":19}},"12":{"start":{"line":69,"column":4},"end":{"line":88,"column":6}},"13":{"start":{"line":92,"column":15},"end":{"line":179,"column":2}}},"fnMap":{"0":{"name":"(anonymous_0)","decl":{"start":{"line":24,"column":2},"end":{"line":24,"column":3}},"loc":{"start":{"line":24,"column":21},"end":{"line":36,"column":3}},"line":24},"1":{"name":"(anonymous_1)","decl":{"start":{"line":40,"column":2},"end":{"line":40,"column":3}},"loc":{"start":{"line":40,"column":22},"end":{"line":52,"column":3}},"line":40},"2":{"name":"(anonymous_2)","decl":{"start":{"line":42,"column":6},"end":{"line":42,"column":7}},"loc":{"start":{"line":42,"column":20},"end":{"line":48,"column":7}},"line":42},"3":{"name":"(anonymous_3)","decl":{"start":{"line":49,"column":6},"end":{"line":49,"column":7}},"loc":{"start":{"line":49,"column":17},"end":{"line":49,"column":56}},"line":49},"4":{"name":"(anonymous_4)","decl":{"start":{"line":54,"column":18},"end":{"line":54,"column":19}},"loc":{"start":{"line":54,"column":30},"end":{"line":66,"column":3}},"line":54},"5":{"name":"(anonymous_5)","decl":{"start":{"line":68,"column":2},"end":{"line":68,"column":3}},"loc":{"start":{"line":68,"column":11},"end":{"line":89,"column":3}},"line":68}},"branchMap":{"0":{"loc":{"start":{"line":58,"column":6},"end":{"line":61,"column":7}},"type":"if","locations":[{"start":{"line":58,"column":6},"end":{"line":61,"column":7}},{"start":{"line":58,"column":6},"end":{"line":61,"column":7}}],"line":58}},"s":{"0":0,"1":0,"2":0,"3":0,"4":0,"5":0,"6":0,"7":0,"8":0,"9":0,"10":0,"11":0,"12":0,"13":1},"f":{"0":0,"1":0,"2":0,"3":0,"4":0,"5":0},"b":{"0":[0,0]},"_coverageSchema":"332fd63041d2c1bcb487cc26dd0d5f7d97098a6c","hash":"9de6dfaac31f0deb9f7f20f059f22e180b55f80a"}
,"/Users/cormacmollitor/Desktop/UBSafe/UBSafe-Frontend/UBSafe/screens/SafetyKitScreen.js": {"path":"/Users/cormacmollitor/Desktop/UBSafe/UBSafe-Frontend/UBSafe/screens/SafetyKitScreen.js","statementMap":{"0":{"start":{"line":13,"column":4},"end":{"line":15,"column":6}}},"fnMap":{"0":{"name":"(anonymous_0)","decl":{"start":{"line":10,"column":2},"end":{"line":10,"column":3}},"loc":{"start":{"line":10,"column":11},"end":{"line":16,"column":3}},"line":10}},"branchMap":{},"s":{"0":0},"f":{"0":0},"b":{},"_coverageSchema":"332fd63041d2c1bcb487cc26dd0d5f7d97098a6c","hash":"b8b083f4fd62aa5c05ccf4369d9410f7d101be51"}
,"/Users/cormacmollitor/Desktop/UBSafe/UBSafe-Frontend/UBSafe/screens/ShowRecommendedCompanions.js": {"path":"/Users/cormacmollitor/Desktop/UBSafe/UBSafe-Frontend/UBSafe/screens/ShowRecommendedCompanions.js","statementMap":{"0":{"start":{"line":12,"column":4},"end":{"line":17,"column":6}},"1":{"start":{"line":21,"column":23},"end":{"line":21,"column":68}},"2":{"start":{"line":22,"column":4},"end":{"line":30,"column":6}},"3":{"start":{"line":27,"column":32},"end":{"line":27,"column":45}},"4":{"start":{"line":34,"column":15},"end":{"line":40,"column":2}}},"fnMap":{"0":{"name":"(anonymous_0)","decl":{"start":{"line":11,"column":15},"end":{"line":11,"column":16}},"loc":{"start":{"line":11,"column":29},"end":{"line":18,"column":3}},"line":11},"1":{"name":"(anonymous_1)","decl":{"start":{"line":20,"column":2},"end":{"line":20,"column":3}},"loc":{"start":{"line":20,"column":11},"end":{"line":31,"column":3}},"line":20},"2":{"name":"(anonymous_2)","decl":{"start":{"line":27,"column":24},"end":{"line":27,"column":25}},"loc":{"start":{"line":27,"column":32},"end":{"line":27,"column":45}},"line":27}},"branchMap":{},"s":{"0":0,"1":0,"2":0,"3":0,"4":1},"f":{"0":0,"1":0,"2":0},"b":{},"_coverageSchema":"332fd63041d2c1bcb487cc26dd0d5f7d97098a6c","hash":"c27e0dac7c18280c4127ff9b8ee433584370156b"}
,"/Users/cormacmollitor/Desktop/UBSafe/UBSafe-Frontend/UBSafe/screens/SignIn.js": {"path":"/Users/cormacmollitor/Desktop/UBSafe/UBSafe-Frontend/UBSafe/screens/SignIn.js","statementMap":{"0":{"start":{"line":9,"column":16},"end":{"line":9,"column":33}},"1":{"start":{"line":12,"column":21},"end":{"line":19,"column":1}},"2":{"start":{"line":21,"column":0},"end":{"line":21,"column":39}},"3":{"start":{"line":22,"column":0},"end":{"line":22,"column":33}},"4":{"start":{"line":24,"column":0},"end":{"line":24,"column":25}},"5":{"start":{"line":27,"column":0},"end":{"line":30,"column":3}},"6":{"start":{"line":28,"column":2},"end":{"line":29,"column":3}},"7":{"start":{"line":34,"column":4},"end":{"line":45,"column":6}},"8":{"start":{"line":42,"column":27},"end":{"line":42,"column":51}},"9":{"start":{"line":49,"column":4},"end":{"line":53,"column":5}},"10":{"start":{"line":50,"column":6},"end":{"line":50,"column":61}},"11":{"start":{"line":52,"column":6},"end":{"line":52,"column":25}},"12":{"start":{"line":57,"column":28},"end":{"line":59,"column":6}},"13":{"start":{"line":61,"column":4},"end":{"line":80,"column":5}},"14":{"start":{"line":64,"column":25},"end":{"line":64,"column":77}},"15":{"start":{"line":67,"column":6},"end":{"line":69,"column":9}},"16":{"start":{"line":71,"column":6},"end":{"line":79,"column":9}},"17":{"start":{"line":72,"column":8},"end":{"line":78,"column":9}},"18":{"start":{"line":73,"column":10},"end":{"line":73,"column":43}},"19":{"start":{"line":74,"column":10},"end":{"line":74,"column":96}},"20":{"start":{"line":77,"column":10},"end":{"line":77,"column":96}},"21":{"start":{"line":84,"column":15},"end":{"line":91,"column":2}}},"fnMap":{"0":{"name":"(anonymous_0)","decl":{"start":{"line":27,"column":34},"end":{"line":27,"column":35}},"loc":{"start":{"line":27,"column":44},"end":{"line":30,"column":1}},"line":27},"1":{"name":"(anonymous_1)","decl":{"start":{"line":33,"column":2},"end":{"line":33,"column":3}},"loc":{"start":{"line":33,"column":11},"end":{"line":46,"column":3}},"line":33},"2":{"name":"(anonymous_2)","decl":{"start":{"line":42,"column":21},"end":{"line":42,"column":22}},"loc":{"start":{"line":42,"column":27},"end":{"line":42,"column":51}},"line":42},"3":{"name":"(anonymous_3)","decl":{"start":{"line":48,"column":15},"end":{"line":48,"column":16}},"loc":{"start":{"line":48,"column":37},"end":{"line":54,"column":3}},"line":48},"4":{"name":"(anonymous_4)","decl":{"start":{"line":56,"column":2},"end":{"line":56,"column":3}},"loc":{"start":{"line":56,"column":31},"end":{"line":81,"column":3}},"line":56},"5":{"name":"(anonymous_5)","decl":{"start":{"line":67,"column":75},"end":{"line":67,"column":76}},"loc":{"start":{"line":67,"column":86},"end":{"line":69,"column":7}},"line":67},"6":{"name":"(anonymous_6)","decl":{"start":{"line":71,"column":91},"end":{"line":71,"column":92}},"loc":{"start":{"line":71,"column":106},"end":{"line":79,"column":7}},"line":71}},"branchMap":{"0":{"loc":{"start":{"line":28,"column":2},"end":{"line":29,"column":3}},"type":"if","locations":[{"start":{"line":28,"column":2},"end":{"line":29,"column":3}},{"start":{"line":28,"column":2},"end":{"line":29,"column":3}}],"line":28},"1":{"loc":{"start":{"line":61,"column":4},"end":{"line":80,"column":5}},"type":"if","locations":[{"start":{"line":61,"column":4},"end":{"line":80,"column":5}},{"start":{"line":61,"column":4},"end":{"line":80,"column":5}}],"line":61},"2":{"loc":{"start":{"line":72,"column":8},"end":{"line":78,"column":9}},"type":"if","locations":[{"start":{"line":72,"column":8},"end":{"line":78,"column":9}},{"start":{"line":72,"column":8},"end":{"line":78,"column":9}}],"line":72}},"s":{"0":1,"1":1,"2":1,"3":1,"4":1,"5":1,"6":1,"7":2,"8":0,"9":0,"10":0,"11":0,"12":0,"13":0,"14":0,"15":0,"16":0,"17":0,"18":0,"19":0,"20":0,"21":1},"f":{"0":1,"1":2,"2":0,"3":0,"4":0,"5":0,"6":0},"b":{"0":[0,1],"1":[0,0],"2":[0,0]},"_coverageSchema":"332fd63041d2c1bcb487cc26dd0d5f7d97098a6c","hash":"e0e47c8d4337e5d7a62489415ff423ff34f89589"}
,"/Users/cormacmollitor/Desktop/UBSafe/UBSafe-Frontend/UBSafe/screens/SignUp.js": {"path":"/Users/cormacmollitor/Desktop/UBSafe/UBSafe-Frontend/UBSafe/screens/SignUp.js","statementMap":{"0":{"start":{"line":7,"column":16},"end":{"line":7,"column":43}},"1":{"start":{"line":25,"column":4},"end":{"line":25,"column":39}},"2":{"start":{"line":29,"column":4},"end":{"line":29,"column":46}},"3":{"start":{"line":31,"column":4},"end":{"line":48,"column":7}},"4":{"start":{"line":40,"column":72},"end":{"line":40,"column":83}},"5":{"start":{"line":41,"column":70},"end":{"line":41,"column":81}},"6":{"start":{"line":42,"column":71},"end":{"line":42,"column":82}},"7":{"start":{"line":44,"column":6},"end":{"line":47,"column":9}},"8":{"start":{"line":45,"column":8},"end":{"line":45,"column":27}},"9":{"start":{"line":46,"column":8},"end":{"line":46,"column":93}},"10":{"start":{"line":52,"column":4},"end":{"line":100,"column":6}},"11":{"start":{"line":57,"column":40},"end":{"line":57,"column":67}},"12":{"start":{"line":62,"column":35},"end":{"line":62,"column":57}},"13":{"start":{"line":67,"column":38},"end":{"line":67,"column":63}},"14":{"start":{"line":72,"column":42},"end":{"line":72,"column":71}},"15":{"start":{"line":77,"column":42},"end":{"line":77,"column":71}},"16":{"start":{"line":82,"column":50},"end":{"line":82,"column":87}},"17":{"start":{"line":96,"column":27},"end":{"line":96,"column":48}}},"fnMap":{"0":{"name":"(anonymous_0)","decl":{"start":{"line":24,"column":23},"end":{"line":24,"column":24}},"loc":{"start":{"line":24,"column":45},"end":{"line":26,"column":3}},"line":24},"1":{"name":"(anonymous_1)","decl":{"start":{"line":28,"column":2},"end":{"line":28,"column":3}},"loc":{"start":{"line":28,"column":22},"end":{"line":49,"column":3}},"line":28},"2":{"name":"(anonymous_2)","decl":{"start":{"line":40,"column":63},"end":{"line":40,"column":64}},"loc":{"start":{"line":40,"column":72},"end":{"line":40,"column":83}},"line":40},"3":{"name":"(anonymous_3)","decl":{"start":{"line":41,"column":61},"end":{"line":41,"column":62}},"loc":{"start":{"line":41,"column":70},"end":{"line":41,"column":81}},"line":41},"4":{"name":"(anonymous_4)","decl":{"start":{"line":42,"column":62},"end":{"line":42,"column":63}},"loc":{"start":{"line":42,"column":71},"end":{"line":42,"column":82}},"line":42},"5":{"name":"(anonymous_5)","decl":{"start":{"line":43,"column":12},"end":{"line":43,"column":13}},"loc":{"start":{"line":43,"column":26},"end":{"line":48,"column":5}},"line":43},"6":{"name":"(anonymous_6)","decl":{"start":{"line":44,"column":66},"end":{"line":44,"column":67}},"loc":{"start":{"line":44,"column":80},"end":{"line":47,"column":7}},"line":44},"7":{"name":"(anonymous_7)","decl":{"start":{"line":51,"column":2},"end":{"line":51,"column":3}},"loc":{"start":{"line":51,"column":11},"end":{"line":101,"column":3}},"line":51},"8":{"name":"(anonymous_8)","decl":{"start":{"line":57,"column":26},"end":{"line":57,"column":27}},"loc":{"start":{"line":57,"column":40},"end":{"line":57,"column":67}},"line":57},"9":{"name":"(anonymous_9)","decl":{"start":{"line":62,"column":26},"end":{"line":62,"column":27}},"loc":{"start":{"line":62,"column":35},"end":{"line":62,"column":57}},"line":62},"10":{"name":"(anonymous_10)","decl":{"start":{"line":67,"column":26},"end":{"line":67,"column":27}},"loc":{"start":{"line":67,"column":38},"end":{"line":67,"column":63}},"line":67},"11":{"name":"(anonymous_11)","decl":{"start":{"line":72,"column":26},"end":{"line":72,"column":27}},"loc":{"start":{"line":72,"column":42},"end":{"line":72,"column":71}},"line":72},"12":{"name":"(anonymous_12)","decl":{"start":{"line":77,"column":26},"end":{"line":77,"column":27}},"loc":{"start":{"line":77,"column":42},"end":{"line":77,"column":71}},"line":77},"13":{"name":"(anonymous_13)","decl":{"start":{"line":82,"column":26},"end":{"line":82,"column":27}},"loc":{"start":{"line":82,"column":50},"end":{"line":82,"column":87}},"line":82},"14":{"name":"(anonymous_14)","decl":{"start":{"line":96,"column":21},"end":{"line":96,"column":22}},"loc":{"start":{"line":96,"column":27},"end":{"line":96,"column":48}},"line":96}},"branchMap":{},"s":{"0":1,"1":0,"2":0,"3":0,"4":0,"5":0,"6":0,"7":0,"8":0,"9":0,"10":0,"11":0,"12":0,"13":0,"14":0,"15":0,"16":0,"17":0},"f":{"0":0,"1":0,"2":0,"3":0,"4":0,"5":0,"6":0,"7":0,"8":0,"9":0,"10":0,"11":0,"12":0,"13":0,"14":0},"b":{},"_coverageSchema":"332fd63041d2c1bcb487cc26dd0d5f7d97098a6c","hash":"8e2a109aaa9eb00bea969fac4c6b20b8aac22e1e"}
,"/Users/cormacmollitor/Desktop/UBSafe/UBSafe-Frontend/UBSafe/screens/VirtualSafeWalkScreen.js": {"path":"/Users/cormacmollitor/Desktop/UBSafe/UBSafe-Frontend/UBSafe/screens/VirtualSafeWalkScreen.js","statementMap":{"0":{"start":{"line":7,"column":16},"end":{"line":7,"column":43}},"1":{"start":{"line":19,"column":4},"end":{"line":26,"column":6}},"2":{"start":{"line":20,"column":18},"end":{"line":20,"column":52}},"3":{"start":{"line":21,"column":22},"end":{"line":21,"column":39}},"4":{"start":{"line":22,"column":6},"end":{"line":22,"column":23}},"5":{"start":{"line":24,"column":7},"end":{"line":24,"column":26}},"6":{"start":{"line":25,"column":7},"end":{"line":25,"column":19}},"7":{"start":{"line":30,"column":4},"end":{"line":30,"column":39}},"8":{"start":{"line":34,"column":4},"end":{"line":38,"column":5}},"9":{"start":{"line":35,"column":6},"end":{"line":35,"column":61}},"10":{"start":{"line":37,"column":6},"end":{"line":37,"column":25}},"11":{"start":{"line":42,"column":4},"end":{"line":45,"column":5}},"12":{"start":{"line":44,"column":6},"end":{"line":44,"column":44}},"13":{"start":{"line":47,"column":4},"end":{"line":72,"column":7}},"14":{"start":{"line":48,"column":17},"end":{"line":48,"column":21}},"15":{"start":{"line":49,"column":20},"end":{"line":49,"column":31}},"16":{"start":{"line":50,"column":6},"end":{"line":71,"column":9}},"17":{"start":{"line":60,"column":76},"end":{"line":60,"column":87}},"18":{"start":{"line":61,"column":74},"end":{"line":61,"column":85}},"19":{"start":{"line":62,"column":75},"end":{"line":62,"column":86}},"20":{"start":{"line":65,"column":8},"end":{"line":70,"column":9}},"21":{"start":{"line":66,"column":10},"end":{"line":66,"column":30}},"22":{"start":{"line":69,"column":10},"end":{"line":69,"column":32}},"23":{"start":{"line":76,"column":4},"end":{"line":100,"column":7}},"24":{"start":{"line":78,"column":17},"end":{"line":78,"column":21}},"25":{"start":{"line":79,"column":20},"end":{"line":79,"column":31}},"26":{"start":{"line":81,"column":6},"end":{"line":99,"column":11}},"27":{"start":{"line":82,"column":32},"end":{"line":82,"column":51}},"28":{"start":{"line":84,"column":10},"end":{"line":84,"column":32}},"29":{"start":{"line":85,"column":12},"end":{"line":98,"column":13}},"30":{"start":{"line":86,"column":14},"end":{"line":86,"column":101}},"31":{"start":{"line":89,"column":14},"end":{"line":89,"column":64}},"32":{"start":{"line":90,"column":14},"end":{"line":97,"column":15}},"33":{"start":{"line":94,"column":46},"end":{"line":94,"column":71}},"34":{"start":{"line":104,"column":72},"end":{"line":104,"column":82}},"35":{"start":{"line":105,"column":22},"end":{"line":109,"column":51}},"36":{"start":{"line":110,"column":4},"end":{"line":150,"column":6}},"37":{"start":{"line":114,"column":40},"end":{"line":114,"column":69}},"38":{"start":{"line":119,"column":40},"end":{"line":119,"column":69}},"39":{"start":{"line":124,"column":43},"end":{"line":124,"column":75}},"40":{"start":{"line":140,"column":24},"end":{"line":140,"column":50}},"41":{"start":{"line":147,"column":24},"end":{"line":147,"column":49}},"42":{"start":{"line":154,"column":15},"end":{"line":160,"column":2}}},"fnMap":{"0":{"name":"(anonymous_0)","decl":{"start":{"line":18,"column":2},"end":{"line":18,"column":3}},"loc":{"start":{"line":18,"column":24},"end":{"line":27,"column":3}},"line":18},"1":{"name":"(anonymous_1)","decl":{"start":{"line":29,"column":23},"end":{"line":29,"column":24}},"loc":{"start":{"line":29,"column":45},"end":{"line":31,"column":3}},"line":29},"2":{"name":"(anonymous_2)","decl":{"start":{"line":33,"column":15},"end":{"line":33,"column":16}},"loc":{"start":{"line":33,"column":37},"end":{"line":39,"column":3}},"line":33},"3":{"name":"(anonymous_3)","decl":{"start":{"line":41,"column":2},"end":{"line":41,"column":3}},"loc":{"start":{"line":41,"column":27},"end":{"line":73,"column":3}},"line":41},"4":{"name":"(anonymous_4)","decl":{"start":{"line":47,"column":30},"end":{"line":47,"column":31}},"loc":{"start":{"line":47,"column":45},"end":{"line":72,"column":5}},"line":47},"5":{"name":"(anonymous_5)","decl":{"start":{"line":60,"column":67},"end":{"line":60,"column":68}},"loc":{"start":{"line":60,"column":76},"end":{"line":60,"column":87}},"line":60},"6":{"name":"(anonymous_6)","decl":{"start":{"line":61,"column":65},"end":{"line":61,"column":66}},"loc":{"start":{"line":61,"column":74},"end":{"line":61,"column":85}},"line":61},"7":{"name":"(anonymous_7)","decl":{"start":{"line":62,"column":66},"end":{"line":62,"column":67}},"loc":{"start":{"line":62,"column":75},"end":{"line":62,"column":86}},"line":62},"8":{"name":"(anonymous_8)","decl":{"start":{"line":64,"column":15},"end":{"line":64,"column":16}},"loc":{"start":{"line":64,"column":27},"end":{"line":71,"column":7}},"line":64},"9":{"name":"(anonymous_9)","decl":{"start":{"line":75,"column":2},"end":{"line":75,"column":3}},"loc":{"start":{"line":75,"column":26},"end":{"line":101,"column":3}},"line":75},"10":{"name":"(anonymous_10)","decl":{"start":{"line":76,"column":30},"end":{"line":76,"column":31}},"loc":{"start":{"line":76,"column":45},"end":{"line":100,"column":5}},"line":76},"11":{"name":"(anonymous_11)","decl":{"start":{"line":82,"column":14},"end":{"line":82,"column":15}},"loc":{"start":{"line":82,"column":32},"end":{"line":82,"column":51}},"line":82},"12":{"name":"(anonymous_12)","decl":{"start":{"line":83,"column":15},"end":{"line":83,"column":16}},"loc":{"start":{"line":83,"column":29},"end":{"line":99,"column":9}},"line":83},"13":{"name":"(anonymous_13)","decl":{"start":{"line":94,"column":40},"end":{"line":94,"column":41}},"loc":{"start":{"line":94,"column":46},"end":{"line":94,"column":71}},"line":94},"14":{"name":"(anonymous_14)","decl":{"start":{"line":103,"column":2},"end":{"line":103,"column":3}},"loc":{"start":{"line":103,"column":11},"end":{"line":151,"column":3}},"line":103},"15":{"name":"(anonymous_15)","decl":{"start":{"line":114,"column":24},"end":{"line":114,"column":25}},"loc":{"start":{"line":114,"column":40},"end":{"line":114,"column":69}},"line":114},"16":{"name":"(anonymous_16)","decl":{"start":{"line":119,"column":24},"end":{"line":119,"column":25}},"loc":{"start":{"line":119,"column":40},"end":{"line":119,"column":69}},"line":119},"17":{"name":"(anonymous_17)","decl":{"start":{"line":124,"column":24},"end":{"line":124,"column":25}},"loc":{"start":{"line":124,"column":43},"end":{"line":124,"column":75}},"line":124},"18":{"name":"(anonymous_18)","decl":{"start":{"line":140,"column":19},"end":{"line":140,"column":20}},"loc":{"start":{"line":140,"column":24},"end":{"line":140,"column":50}},"line":140},"19":{"name":"(anonymous_19)","decl":{"start":{"line":147,"column":19},"end":{"line":147,"column":20}},"loc":{"start":{"line":147,"column":24},"end":{"line":147,"column":49}},"line":147}},"branchMap":{"0":{"loc":{"start":{"line":42,"column":4},"end":{"line":45,"column":5}},"type":"if","locations":[{"start":{"line":42,"column":4},"end":{"line":45,"column":5}},{"start":{"line":42,"column":4},"end":{"line":45,"column":5}}],"line":42},"1":{"loc":{"start":{"line":65,"column":8},"end":{"line":70,"column":9}},"type":"if","locations":[{"start":{"line":65,"column":8},"end":{"line":70,"column":9}},{"start":{"line":65,"column":8},"end":{"line":70,"column":9}}],"line":65},"2":{"loc":{"start":{"line":85,"column":12},"end":{"line":98,"column":13}},"type":"if","locations":[{"start":{"line":85,"column":12},"end":{"line":98,"column":13}},{"start":{"line":85,"column":12},"end":{"line":98,"column":13}}],"line":85},"3":{"loc":{"start":{"line":105,"column":22},"end":{"line":109,"column":51}},"type":"binary-expr","locations":[{"start":{"line":105,"column":23},"end":{"line":105,"column":51}},{"start":{"line":106,"column":23},"end":{"line":106,"column":51}},{"start":{"line":107,"column":23},"end":{"line":107,"column":74}},{"start":{"line":108,"column":23},"end":{"line":108,"column":56}},{"start":{"line":109,"column":23},"end":{"line":109,"column":50}}],"line":105}},"s":{"0":2,"1":0,"2":0,"3":0,"4":0,"5":0,"6":0,"7":0,"8":1,"9":1,"10":0,"11":0,"12":0,"13":0,"14":0,"15":0,"16":0,"17":0,"18":0,"19":0,"20":0,"21":0,"22":0,"23":0,"24":0,"25":0,"26":0,"27":0,"28":0,"29":0,"30":0,"31":0,"32":0,"33":0,"34":9,"35":9,"36":9,"37":2,"38":2,"39":2,"40":0,"41":0,"42":2},"f":{"0":0,"1":0,"2":1,"3":0,"4":0,"5":0,"6":0,"7":0,"8":0,"9":0,"10":0,"11":0,"12":0,"13":0,"14":9,"15":2,"16":2,"17":2,"18":0,"19":0},"b":{"0":[0,0],"1":[0,0],"2":[0,0],"3":[9,6,4,4,2]},"_coverageSchema":"332fd63041d2c1bcb487cc26dd0d5f7d97098a6c","hash":"8bc5e5e8415f4e90cdaf1a2936e12e09b9f3c463"}
}
