{"/Users/cormacmollitor/Desktop/UBSafe/UBSafe-Frontend/UBSafe/setupTest.js": {"path":"/Users/cormacmollitor/Desktop/UBSafe/UBSafe-Frontend/UBSafe/setupTest.js","statementMap":{"0":{"start":{"line":4,"column":0},"end":{"line":4,"column":45}}},"fnMap":{},"branchMap":{},"s":{"0":1},"f":{},"b":{},"_coverageSchema":"332fd63041d2c1bcb487cc26dd0d5f7d97098a6c","hash":"766a660eb2b6baa046fb4d4bc1c6726a6997d2ca"}
,"/Users/cormacmollitor/Desktop/UBSafe/UBSafe-Frontend/UBSafe/store.js": {"path":"/Users/cormacmollitor/Desktop/UBSafe/UBSafe-Frontend/UBSafe/store.js","statementMap":{"0":{"start":{"line":1,"column":14},"end":{"line":26,"column":1}}},"fnMap":{},"branchMap":{},"s":{"0":1},"f":{},"b":{},"_coverageSchema":"332fd63041d2c1bcb487cc26dd0d5f7d97098a6c","hash":"e3ccad746c4392c3770c9fafc402e67d192d45a1"}
,"/Users/cormacmollitor/Desktop/UBSafe/UBSafe-Frontend/UBSafe/screens/VirtualSafeWalkScreen.js": {"path":"/Users/cormacmollitor/Desktop/UBSafe/UBSafe-Frontend/UBSafe/screens/VirtualSafeWalkScreen.js","statementMap":{"0":{"start":{"line":7,"column":16},"end":{"line":7,"column":43}},"1":{"start":{"line":24,"column":72},"end":{"line":24,"column":82}},"2":{"start":{"line":25,"column":24},"end":{"line":29,"column":53}},"3":{"start":{"line":31,"column":4},"end":{"line":80,"column":6}},"4":{"start":{"line":35,"column":42},"end":{"line":35,"column":71}},"5":{"start":{"line":41,"column":40},"end":{"line":41,"column":69}},"6":{"start":{"line":47,"column":43},"end":{"line":47,"column":75}},"7":{"start":{"line":65,"column":24},"end":{"line":65,"column":50}},"8":{"start":{"line":75,"column":24},"end":{"line":75,"column":49}},"9":{"start":{"line":84,"column":15},"end":{"line":88,"column":2}}},"fnMap":{"0":{"name":"(anonymous_0)","decl":{"start":{"line":23,"column":2},"end":{"line":23,"column":3}},"loc":{"start":{"line":23,"column":11},"end":{"line":81,"column":3}},"line":23},"1":{"name":"(anonymous_1)","decl":{"start":{"line":35,"column":26},"end":{"line":35,"column":27}},"loc":{"start":{"line":35,"column":42},"end":{"line":35,"column":71}},"line":35},"2":{"name":"(anonymous_2)","decl":{"start":{"line":41,"column":24},"end":{"line":41,"column":25}},"loc":{"start":{"line":41,"column":40},"end":{"line":41,"column":69}},"line":41},"3":{"name":"(anonymous_3)","decl":{"start":{"line":47,"column":24},"end":{"line":47,"column":25}},"loc":{"start":{"line":47,"column":43},"end":{"line":47,"column":75}},"line":47},"4":{"name":"(anonymous_4)","decl":{"start":{"line":65,"column":19},"end":{"line":65,"column":20}},"loc":{"start":{"line":65,"column":24},"end":{"line":65,"column":50}},"line":65},"5":{"name":"(anonymous_5)","decl":{"start":{"line":75,"column":19},"end":{"line":75,"column":20}},"loc":{"start":{"line":75,"column":24},"end":{"line":75,"column":49}},"line":75}},"branchMap":{"0":{"loc":{"start":{"line":25,"column":24},"end":{"line":29,"column":53}},"type":"binary-expr","locations":[{"start":{"line":25,"column":25},"end":{"line":25,"column":53}},{"start":{"line":26,"column":25},"end":{"line":26,"column":53}},{"start":{"line":27,"column":25},"end":{"line":27,"column":76}},{"start":{"line":28,"column":25},"end":{"line":28,"column":56}},{"start":{"line":29,"column":25},"end":{"line":29,"column":52}}],"line":25},"1":{"loc":{"start":{"line":66,"column":20},"end":{"line":66,"column":55}},"type":"binary-expr","locations":[{"start":{"line":66,"column":20},"end":{"line":66,"column":38}},{"start":{"line":66,"column":42},"end":{"line":66,"column":55}}],"line":66}},"s":{"0":1,"1":13,"2":13,"3":13,"4":3,"5":3,"6":1,"7":1,"8":1,"9":1},"f":{"0":13,"1":3,"2":3,"3":1,"4":1,"5":1},"b":{"0":[13,7,4,3,1],"1":[13,13]},"_coverageSchema":"332fd63041d2c1bcb487cc26dd0d5f7d97098a6c","hash":"72db39dfa9e5b59ef7e8cf100794aabcee0df938"}
}
