TN:
SF:/Users/cormacmollitor/Desktop/UBSafe/UBSafe-Frontend/UBSafe/App.js
FN:20,(anonymous_0)
FN:39,(anonymous_1)
FN:51,(anonymous_2)
FN:57,(anonymous_3)
FNF:4
FNH:3
FNDA:3,(anonymous_0)
FNDA:1,(anonymous_1)
FNDA:0,(anonymous_2)
FNDA:1,(anonymous_3)
DA:21,3
DA:22,1
DA:30,2
DA:40,1
DA:54,0
DA:58,1
DA:62,1
LF:7
LH:6
BRDA:21,0,0,1
BRDA:21,0,1,2
BRDA:21,1,0,3
BRDA:21,1,1,2
BRDA:32,2,0,2
BRDA:32,2,1,2
BRF:6
BRH:6
end_of_record
TN:
SF:/Users/cormacmollitor/Desktop/UBSafe/UBSafe-Frontend/UBSafe/setupTest.js
FNF:0
FNH:0
DA:4,3
LF:1
LH:1
BRF:0
BRH:0
end_of_record
TN:
SF:/Users/cormacmollitor/Desktop/UBSafe/UBSafe-Frontend/UBSafe/assets/fonts/SpaceMono-Regular.ttf
FNF:0
FNH:0
DA:1,1
LF:1
LH:1
BRF:0
BRH:0
end_of_record
TN:
SF:/Users/cormacmollitor/Desktop/UBSafe/UBSafe-Frontend/UBSafe/components/StyledText.js
FN:5,(anonymous_0)
FNF:1
FNH:1
FNDA:1,(anonymous_0)
DA:6,1
LF:1
LH:1
BRF:0
BRH:0
end_of_record
TN:
SF:/Users/cormacmollitor/Desktop/UBSafe/UBSafe-Frontend/UBSafe/components/TabBarIcon.js
FN:7,(anonymous_0)
FNF:1
FNH:0
FNDA:0,(anonymous_0)
DA:8,0
LF:1
LH:0
BRDA:13,0,0,0
BRDA:13,0,1,0
BRF:2
BRH:0
end_of_record
TN:
SF:/Users/cormacmollitor/Desktop/UBSafe/UBSafe-Frontend/UBSafe/constants/Colors.js
FNF:0
FNH:0
DA:1,1
LF:1
LH:1
BRF:0
BRH:0
end_of_record
TN:
SF:/Users/cormacmollitor/Desktop/UBSafe/UBSafe-Frontend/UBSafe/navigation/AppNavigator.js
FNF:0
FNH:0
LF:0
LH:0
BRF:0
BRH:0
end_of_record
TN:
SF:/Users/cormacmollitor/Desktop/UBSafe/UBSafe-Frontend/UBSafe/navigation/AuthNavigator.js
FNF:0
FNH:0
DA:7,1
LF:1
LH:1
BRDA:8,0,0,0
BRDA:8,0,1,1
BRF:2
BRH:1
end_of_record
TN:
SF:/Users/cormacmollitor/Desktop/UBSafe/UBSafe-Frontend/UBSafe/navigation/MainTabNavigator.js
FN:19,(anonymous_0)
FN:37,(anonymous_1)
FN:61,(anonymous_2)
FN:75,(anonymous_3)
FNF:4
FNH:0
FNDA:0,(anonymous_0)
FNDA:0,(anonymous_1)
FNDA:0,(anonymous_2)
FNDA:0,(anonymous_3)
DA:13,1
DA:17,1
DA:20,0
DA:31,1
DA:35,1
DA:38,0
DA:49,1
DA:59,1
DA:62,0
DA:69,1
DA:73,1
DA:76,0
LF:12
LH:8
BRDA:23,0,0,0
BRDA:23,0,1,0
BRDA:24,1,0,0
BRDA:24,1,1,0
BRDA:41,2,0,0
BRDA:41,2,1,0
BRDA:42,3,0,0
BRDA:42,3,1,0
BRDA:64,4,0,0
BRDA:64,4,1,0
BRDA:64,5,0,0
BRDA:64,5,1,0
BRDA:78,6,0,0
BRDA:78,6,1,0
BRDA:78,7,0,0
BRDA:78,7,1,0
BRF:16
BRH:0
end_of_record
TN:
SF:/Users/cormacmollitor/Desktop/UBSafe/UBSafe-Frontend/UBSafe/reducers/virtualSafeWalkReducer.js
FN:5,virtualSafeWalkReducer
FN:10,profileReducer
FNF:2
FNH:2
FNDA:2,virtualSafeWalkReducer
FNDA:2,profileReducer
DA:6,2
DA:11,2
DA:14,1
LF:3
LH:3
BRDA:5,0,0,2
BRDA:10,1,0,2
BRF:2
BRH:2
end_of_record
TN:
SF:/Users/cormacmollitor/Desktop/UBSafe/UBSafe-Frontend/UBSafe/screens/EmergencyResources.js
FN:16,(anonymous_0)
FN:21,(anonymous_1)
FN:27,(anonymous_2)
FN:32,(anonymous_3)
FN:45,(anonymous_4)
FNF:5
FNH:0
FNDA:0,(anonymous_0)
FNDA:0,(anonymous_1)
FNDA:0,(anonymous_2)
FNDA:0,(anonymous_3)
FNDA:0,(anonymous_4)
DA:17,0
DA:22,0
DA:27,0
DA:35,0
DA:40,0
DA:45,0
LF:6
LH:0
BRF:0
BRH:0
end_of_record
TN:
SF:/Users/cormacmollitor/Desktop/UBSafe/UBSafe-Frontend/UBSafe/screens/HomeScreen.js
FN:24,(anonymous_0)
FN:40,(anonymous_1)
FN:42,(anonymous_2)
FN:49,(anonymous_3)
FN:54,(anonymous_4)
FN:68,(anonymous_5)
FNF:6
FNH:0
FNDA:0,(anonymous_0)
FNDA:0,(anonymous_1)
FNDA:0,(anonymous_2)
FNDA:0,(anonymous_3)
FNDA:0,(anonymous_4)
FNDA:0,(anonymous_5)
DA:25,0
DA:27,0
DA:35,0
DA:41,0
DA:43,0
DA:49,0
DA:55,0
DA:56,0
DA:58,0
DA:60,0
DA:63,0
DA:64,0
DA:69,0
DA:92,1
LF:14
LH:1
BRDA:58,0,0,0
BRDA:58,0,1,0
BRF:2
BRH:0
end_of_record
TN:
SF:/Users/cormacmollitor/Desktop/UBSafe/UBSafe-Frontend/UBSafe/screens/SafetyKitScreen.js
FN:10,(anonymous_0)
FNF:1
FNH:0
FNDA:0,(anonymous_0)
DA:13,0
LF:1
LH:0
BRF:0
BRH:0
end_of_record
TN:
SF:/Users/cormacmollitor/Desktop/UBSafe/UBSafe-Frontend/UBSafe/screens/ShowRecommendedCompanions.js
FN:11,(anonymous_0)
FN:20,(anonymous_1)
FN:27,(anonymous_2)
FNF:3
FNH:0
FNDA:0,(anonymous_0)
FNDA:0,(anonymous_1)
FNDA:0,(anonymous_2)
DA:12,0
DA:21,0
DA:22,0
DA:27,0
DA:34,1
LF:5
LH:1
BRF:0
BRH:0
end_of_record
TN:
SF:/Users/cormacmollitor/Desktop/UBSafe/UBSafe-Frontend/UBSafe/screens/SignIn.js
FN:27,(anonymous_0)
FN:33,(anonymous_1)
FN:42,(anonymous_2)
FN:48,(anonymous_3)
FN:56,(anonymous_4)
FN:67,(anonymous_5)
FN:71,(anonymous_6)
FNF:7
FNH:2
FNDA:1,(anonymous_0)
FNDA:2,(anonymous_1)
FNDA:0,(anonymous_2)
FNDA:0,(anonymous_3)
FNDA:0,(anonymous_4)
FNDA:0,(anonymous_5)
FNDA:0,(anonymous_6)
DA:9,1
DA:12,1
DA:21,1
DA:22,1
DA:24,1
DA:27,1
DA:28,1
DA:34,2
DA:42,0
DA:49,0
DA:50,0
DA:52,0
DA:57,0
DA:61,0
DA:64,0
DA:67,0
DA:71,0
DA:72,0
DA:73,0
DA:74,0
DA:77,0
DA:84,1
LF:22
LH:9
BRDA:28,0,0,0
BRDA:28,0,1,1
BRDA:61,1,0,0
BRDA:61,1,1,0
BRDA:72,2,0,0
BRDA:72,2,1,0
BRF:6
BRH:1
end_of_record
TN:
SF:/Users/cormacmollitor/Desktop/UBSafe/UBSafe-Frontend/UBSafe/screens/SignUp.js
FN:24,(anonymous_0)
FN:28,(anonymous_1)
FN:40,(anonymous_2)
FN:41,(anonymous_3)
FN:42,(anonymous_4)
FN:43,(anonymous_5)
FN:44,(anonymous_6)
FN:51,(anonymous_7)
FN:57,(anonymous_8)
FN:62,(anonymous_9)
FN:67,(anonymous_10)
FN:72,(anonymous_11)
FN:77,(anonymous_12)
FN:82,(anonymous_13)
FN:96,(anonymous_14)
FNF:15
FNH:0
FNDA:0,(anonymous_0)
FNDA:0,(anonymous_1)
FNDA:0,(anonymous_2)
FNDA:0,(anonymous_3)
FNDA:0,(anonymous_4)
FNDA:0,(anonymous_5)
FNDA:0,(anonymous_6)
FNDA:0,(anonymous_7)
FNDA:0,(anonymous_8)
FNDA:0,(anonymous_9)
FNDA:0,(anonymous_10)
FNDA:0,(anonymous_11)
FNDA:0,(anonymous_12)
FNDA:0,(anonymous_13)
FNDA:0,(anonymous_14)
DA:7,1
DA:25,0
DA:29,0
DA:31,0
DA:40,0
DA:41,0
DA:42,0
DA:44,0
DA:45,0
DA:46,0
DA:52,0
DA:57,0
DA:62,0
DA:67,0
DA:72,0
DA:77,0
DA:82,0
DA:96,0
LF:18
LH:1
BRF:0
BRH:0
end_of_record
TN:
SF:/Users/cormacmollitor/Desktop/UBSafe/UBSafe-Frontend/UBSafe/screens/VirtualSafeWalkScreen.js
FN:18,(anonymous_0)
FN:29,(anonymous_1)
FN:33,(anonymous_2)
FN:41,(anonymous_3)
FN:47,(anonymous_4)
FN:60,(anonymous_5)
FN:61,(anonymous_6)
FN:62,(anonymous_7)
FN:64,(anonymous_8)
FN:75,(anonymous_9)
FN:76,(anonymous_10)
FN:82,(anonymous_11)
FN:83,(anonymous_12)
FN:94,(anonymous_13)
FN:103,(anonymous_14)
FN:114,(anonymous_15)
FN:119,(anonymous_16)
FN:124,(anonymous_17)
FN:140,(anonymous_18)
FN:147,(anonymous_19)
FNF:20
FNH:5
FNDA:0,(anonymous_0)
FNDA:0,(anonymous_1)
FNDA:1,(anonymous_2)
FNDA:0,(anonymous_3)
FNDA:0,(anonymous_4)
FNDA:0,(anonymous_5)
FNDA:0,(anonymous_6)
FNDA:0,(anonymous_7)
FNDA:0,(anonymous_8)
FNDA:0,(anonymous_9)
FNDA:0,(anonymous_10)
FNDA:0,(anonymous_11)
FNDA:0,(anonymous_12)
FNDA:0,(anonymous_13)
FNDA:9,(anonymous_14)
FNDA:2,(anonymous_15)
FNDA:2,(anonymous_16)
FNDA:2,(anonymous_17)
FNDA:0,(anonymous_18)
FNDA:0,(anonymous_19)
DA:7,2
DA:19,0
DA:20,0
DA:21,0
DA:22,0
DA:24,0
DA:25,0
DA:30,0
DA:34,1
DA:35,1
DA:37,0
DA:42,0
DA:44,0
DA:47,0
DA:48,0
DA:49,0
DA:50,0
DA:60,0
DA:61,0
DA:62,0
DA:65,0
DA:66,0
DA:69,0
DA:76,0
DA:78,0
DA:79,0
DA:81,0
DA:82,0
DA:84,0
DA:85,0
DA:86,0
DA:89,0
DA:90,0
DA:94,0
DA:104,9
DA:105,9
DA:110,9
DA:114,2
DA:119,2
DA:124,2
DA:140,0
DA:147,0
DA:154,2
LF:43
LH:10
BRDA:42,0,0,0
BRDA:42,0,1,0
BRDA:65,1,0,0
BRDA:65,1,1,0
BRDA:85,2,0,0
BRDA:85,2,1,0
BRDA:105,3,0,9
BRDA:105,3,1,6
BRDA:105,3,2,4
BRDA:105,3,3,4
BRDA:105,3,4,2
BRF:11
BRH:5
end_of_record
