TN:
SF:/Users/cormacmollitor/Desktop/UBSafe/UBSafe-Frontend/UBSafe/setupTest.js
FNF:0
FNH:0
DA:4,1
LF:1
LH:1
BRF:0
BRH:0
end_of_record
TN:
SF:/Users/cormacmollitor/Desktop/UBSafe/UBSafe-Frontend/UBSafe/store.js
FNF:0
FNH:0
DA:1,1
LF:1
LH:1
BRF:0
BRH:0
end_of_record
TN:
SF:/Users/cormacmollitor/Desktop/UBSafe/UBSafe-Frontend/UBSafe/screens/VirtualSafeWalkScreen.js
FN:23,(anonymous_0)
FN:35,(anonymous_1)
FN:41,(anonymous_2)
FN:47,(anonymous_3)
FN:65,(anonymous_4)
FN:75,(anonymous_5)
FNF:6
FNH:6
FNDA:13,(anonymous_0)
FNDA:3,(anonymous_1)
FNDA:3,(anonymous_2)
FNDA:1,(anonymous_3)
FNDA:1,(anonymous_4)
FNDA:1,(anonymous_5)
DA:7,1
DA:24,13
DA:25,13
DA:31,13
DA:35,3
DA:41,3
DA:47,1
DA:65,1
DA:75,1
DA:84,1
LF:10
LH:10
BRDA:25,0,0,13
BRDA:25,0,1,7
BRDA:25,0,2,4
BRDA:25,0,3,3
BRDA:25,0,4,1
BRDA:66,1,0,13
BRDA:66,1,1,13
BRF:7
BRH:7
end_of_record
